<?xml version="1.0" encoding="UTF-8"?>
<!-- Generated by org.testng.reporters.JUnitReportReporter -->
<testsuite hostname="LAPTOP-27SO2M8Q" failures="0" tests="1" name="Deno.Rest" time="1.009" errors="0" timestamp="2024-04-19T15:16:42 IST" skipped="0">
  <testcase classname="Deno.Rest" name="test3" time="1.009"/>
  <system-out/>
</testsuite> <!-- Deno.Rest -->
